[2017-02-09 15:01:33][debug] begin notify
[2017-02-09 15:01:33][debug] call back:{"appid":"wx906357fa62aefb64","attach":"test","bank_type":"CFT","cash_fee":"1","fee_type":"CNY","is_subscribe":"N","mch_id":"1425031402","nonce_str":"fgrsyoh9y2974cabb29hihfqnz6eb3zn","openid":"oymKNvyNrcYc4DavrDYtlKShOYl4","out_trade_no":"1486623621","result_code":"SUCCESS","return_code":"SUCCESS","sign":"4493555437AC09E76AD27E7E740795BE","time_end":"20170209150131","total_fee":"1","trade_type":"NATIVE","transaction_id":"4000972001201702099301327831"}
[2017-02-09 15:01:34][debug] query:{"appid":"wx906357fa62aefb64","attach":"test","bank_type":"CFT","cash_fee":"1","fee_type":"CNY","is_subscribe":"N","mch_id":"1425031402","nonce_str":"9Cf4Z1IfdDDfzMlD","openid":"oymKNvyNrcYc4DavrDYtlKShOYl4","out_trade_no":"1486623621","result_code":"SUCCESS","return_code":"SUCCESS","return_msg":"OK","sign":"08CFCC6E1D031EEB7516D2B7CF730B8D","time_end":"20170209150131","total_fee":"1","trade_state":"SUCCESS","trade_type":"NATIVE","transaction_id":"4000972001201702099301327831"}
[2017-02-09 15:01:34][debug] file_get_url:http://api.sindpay.com/Payapi_Wxdemo_BaoKoUrl.html?sp_billno=1486623621&transaction_id=4000972001201702099301327831&trade_status=SUCCESS&weixin=1&pay_result=0
[2017-02-09 15:03:04][debug] begin notify
[2017-02-09 15:03:04][debug] call back:{"appid":"wx906357fa62aefb64","attach":"test","bank_type":"CFT","cash_fee":"1","fee_type":"CNY","is_subscribe":"N","mch_id":"1425031402","nonce_str":"fgrsyoh9y2974cabb29hihfqnz6eb3zn","openid":"oymKNvyNrcYc4DavrDYtlKShOYl4","out_trade_no":"1486623621","result_code":"SUCCESS","return_code":"SUCCESS","sign":"4493555437AC09E76AD27E7E740795BE","time_end":"20170209150131","total_fee":"1","trade_type":"NATIVE","transaction_id":"4000972001201702099301327831"}
[2017-02-09 15:03:08][debug] query:{"appid":"wx906357fa62aefb64","attach":"test","bank_type":"CFT","cash_fee":"1","fee_type":"CNY","is_subscribe":"N","mch_id":"1425031402","nonce_str":"tEpFTSuHgEOoSSzd","openid":"oymKNvyNrcYc4DavrDYtlKShOYl4","out_trade_no":"1486623621","result_code":"SUCCESS","return_code":"SUCCESS","return_msg":"OK","sign":"7391109C7F7C6F276DF11A06768381A5","time_end":"20170209150131","total_fee":"1","trade_state":"SUCCESS","trade_type":"NATIVE","transaction_id":"4000972001201702099301327831"}
[2017-02-09 15:03:08][debug] file_get_url:http://api.sindpay.com/Payapi_Wxdemo_BaoKoUrl.html?sp_billno=1486623621&transaction_id=4000972001201702099301327831&trade_status=SUCCESS&weixin=1&pay_result=0
[2017-02-09 15:06:20][debug] begin notify
[2017-02-09 15:06:20][debug] call back:{"appid":"wx906357fa62aefb64","attach":"test","bank_type":"CFT","cash_fee":"1","fee_type":"CNY","is_subscribe":"N","mch_id":"1425031402","nonce_str":"fgrsyoh9y2974cabb29hihfqnz6eb3zn","openid":"oymKNvyNrcYc4DavrDYtlKShOYl4","out_trade_no":"1486623621","result_code":"SUCCESS","return_code":"SUCCESS","sign":"4493555437AC09E76AD27E7E740795BE","time_end":"20170209150131","total_fee":"1","trade_type":"NATIVE","transaction_id":"4000972001201702099301327831"}
[2017-02-09 15:06:38][debug] begin notify
[2017-02-09 15:06:38][debug] call back:{"appid":"wx906357fa62aefb64","attach":"test","bank_type":"CFT","cash_fee":"1","fee_type":"CNY","is_subscribe":"N","mch_id":"1425031402","nonce_str":"fgrsyoh9y2974cabb29hihfqnz6eb3zn","openid":"oymKNvyNrcYc4DavrDYtlKShOYl4","out_trade_no":"1486623621","result_code":"SUCCESS","return_code":"SUCCESS","sign":"4493555437AC09E76AD27E7E740795BE","time_end":"20170209150131","total_fee":"1","trade_type":"NATIVE","transaction_id":"4000972001201702099301327831"}
[2017-02-09 15:06:43][debug] query:{"appid":"wx906357fa62aefb64","attach":"test","bank_type":"CFT","cash_fee":"1","fee_type":"CNY","is_subscribe":"N","mch_id":"1425031402","nonce_str":"hY5DvDWVV9YTyI72","openid":"oymKNvyNrcYc4DavrDYtlKShOYl4","out_trade_no":"1486623621","result_code":"SUCCESS","return_code":"SUCCESS","return_msg":"OK","sign":"0FC73621C99CEDFCC816A062445C0EBB","time_end":"20170209150131","total_fee":"1","trade_state":"SUCCESS","trade_type":"NATIVE","transaction_id":"4000972001201702099301327831"}
[2017-02-09 15:06:43][debug] file_get_url:http://api.sindpay.com/Payapi_Wxdemo_BaoKoUrl.html?sp_billno=1486623621&transaction_id=4000972001201702099301327831&trade_status=SUCCESS&weixin=1&pay_result=0
[2017-02-09 15:08:45][debug] begin notify
[2017-02-09 15:08:45][debug] call back:{"appid":"wx906357fa62aefb64","attach":"test","bank_type":"CFT","cash_fee":"1","fee_type":"CNY","is_subscribe":"N","mch_id":"1425031402","nonce_str":"fgrsyoh9y2974cabb29hihfqnz6eb3zn","openid":"oymKNvyNrcYc4DavrDYtlKShOYl4","out_trade_no":"1486623621","result_code":"SUCCESS","return_code":"SUCCESS","sign":"4493555437AC09E76AD27E7E740795BE","time_end":"20170209150131","total_fee":"1","trade_type":"NATIVE","transaction_id":"4000972001201702099301327831"}
[2017-02-09 15:08:48][debug] query:{"appid":"wx906357fa62aefb64","attach":"test","bank_type":"CFT","cash_fee":"1","fee_type":"CNY","is_subscribe":"N","mch_id":"1425031402","nonce_str":"HgoMoQBCWcskwOWd","openid":"oymKNvyNrcYc4DavrDYtlKShOYl4","out_trade_no":"1486623621","result_code":"SUCCESS","return_code":"SUCCESS","return_msg":"OK","sign":"67590DB873A26CE317AB220B796B7699","time_end":"20170209150131","total_fee":"1","trade_state":"SUCCESS","trade_type":"NATIVE","transaction_id":"4000972001201702099301327831"}
[2017-02-09 15:08:48][debug] file_get_url:http://api.sindpay.com/Payapi_Wxdemo_BaoKoUrl.html?sp_billno=1486623621&transaction_id=4000972001201702099301327831&trade_status=SUCCESS&weixin=1&pay_result=0
[2017-02-09 15:35:56][debug] begin notify
[2017-02-09 15:35:56][debug] call back:{"appid":"wx906357fa62aefb64","attach":"test","bank_type":"CFT","cash_fee":"1","fee_type":"CNY","is_subscribe":"N","mch_id":"1425031402","nonce_str":"fgrsyoh9y2974cabb29hihfqnz6eb3zn","openid":"oymKNvyNrcYc4DavrDYtlKShOYl4","out_trade_no":"1486623621","result_code":"SUCCESS","return_code":"SUCCESS","sign":"4493555437AC09E76AD27E7E740795BE","time_end":"20170209150131","total_fee":"1","trade_type":"NATIVE","transaction_id":"4000972001201702099301327831"}
[2017-02-09 16:06:30][debug] begin notify
[2017-02-09 16:06:30][debug] call back:{"appid":"wx906357fa62aefb64","attach":"test","bank_type":"CFT","cash_fee":"1","fee_type":"CNY","is_subscribe":"N","mch_id":"1425031402","nonce_str":"fgrsyoh9y2974cabb29hihfqnz6eb3zn","openid":"oymKNvyNrcYc4DavrDYtlKShOYl4","out_trade_no":"1486623621","result_code":"SUCCESS","return_code":"SUCCESS","sign":"4493555437AC09E76AD27E7E740795BE","time_end":"20170209150131","total_fee":"1","trade_type":"NATIVE","transaction_id":"4000972001201702099301327831"}
[2017-02-09 16:36:10][debug] begin notify
[2017-02-09 16:36:10][debug] call back:{"appid":"wx906357fa62aefb64","attach":"test","bank_type":"CFT","cash_fee":"1","fee_type":"CNY","is_subscribe":"N","mch_id":"1425031402","nonce_str":"fgrsyoh9y2974cabb29hihfqnz6eb3zn","openid":"oymKNvyNrcYc4DavrDYtlKShOYl4","out_trade_no":"1486623621","result_code":"SUCCESS","return_code":"SUCCESS","sign":"4493555437AC09E76AD27E7E740795BE","time_end":"20170209150131","total_fee":"1","trade_type":"NATIVE","transaction_id":"4000972001201702099301327831"}
[2017-02-09 17:06:15][debug] begin notify
[2017-02-09 17:06:15][debug] call back:{"appid":"wx906357fa62aefb64","attach":"test","bank_type":"CFT","cash_fee":"1","fee_type":"CNY","is_subscribe":"N","mch_id":"1425031402","nonce_str":"fgrsyoh9y2974cabb29hihfqnz6eb3zn","openid":"oymKNvyNrcYc4DavrDYtlKShOYl4","out_trade_no":"1486623621","result_code":"SUCCESS","return_code":"SUCCESS","sign":"4493555437AC09E76AD27E7E740795BE","time_end":"20170209150131","total_fee":"1","trade_type":"NATIVE","transaction_id":"4000972001201702099301327831"}
[2017-02-09 18:07:08][debug] begin notify
[2017-02-09 18:07:08][debug] call back:{"appid":"wx906357fa62aefb64","attach":"test","bank_type":"CFT","cash_fee":"1","fee_type":"CNY","is_subscribe":"N","mch_id":"1425031402","nonce_str":"fgrsyoh9y2974cabb29hihfqnz6eb3zn","openid":"oymKNvyNrcYc4DavrDYtlKShOYl4","out_trade_no":"1486623621","result_code":"SUCCESS","return_code":"SUCCESS","sign":"4493555437AC09E76AD27E7E740795BE","time_end":"20170209150131","total_fee":"1","trade_type":"NATIVE","transaction_id":"4000972001201702099301327831"}
